2021-02-13 23:48:19,357 INFO: >>>>>>>>>>>>>>>>>>>>>>>>>>>>>>>>>>>>>>>>>>>
2021-02-13 23:48:19,357 INFO: ALITALIA SCRAPING SESSION STARTED
2021-02-13 23:48:31,966 WARNING: Alitalia | Windows-Chrome | No previous cookies to load.
2021-02-13 23:48:31,967 INFO: Alitalia | Windows-Chrome | Scraping
2021-02-13 23:49:30,941 INFO: Alitalia | Windows-Chrome | Getting control price
2021-02-13 23:49:31,725 INFO: Alitalia | Windows-Chrome | Exporting data to spreadsheet
2021-02-13 23:49:31,726 WARNING: Spreadsheet missing. New one created
2021-02-13 23:49:32,033 INFO: Alitalia | Windows-Chrome | Completed in 60 sec
2021-02-13 23:49:50,169 WARNING: Alitalia | Android-Chrome | No previous cookies to load.
2021-02-13 23:49:50,171 INFO: Alitalia | Android-Chrome | Scraping
2021-02-13 23:50:49,167 INFO: Alitalia | Android-Chrome | Getting control price
2021-02-13 23:50:50,626 INFO: Alitalia | Android-Chrome | Exporting data to spreadsheet
2021-02-13 23:50:51,013 INFO: Alitalia | Android-Chrome | Completed in 61 sec
2021-02-13 23:51:09,416 WARNING: Alitalia | MacOS-Safari | No previous cookies to load.
2021-02-13 23:51:09,417 INFO: Alitalia | MacOS-Safari | Scraping
2021-02-13 23:52:07,461 INFO: Alitalia | MacOS-Safari | Getting control price
2021-02-13 23:52:08,190 INFO: Alitalia | MacOS-Safari | Exporting data to spreadsheet
2021-02-13 23:52:08,514 INFO: Alitalia | MacOS-Safari | Completed in 59 sec
2021-02-13 23:52:26,278 WARNING: Alitalia | iOS-Safari | No previous cookies to load.
2021-02-13 23:52:26,279 INFO: Alitalia | iOS-Safari | Scraping
2021-02-13 23:53:29,629 INFO: Alitalia | iOS-Safari | Getting control price
2021-02-13 23:53:30,827 INFO: Alitalia | iOS-Safari | Exporting data to spreadsheet
2021-02-13 23:53:31,108 INFO: Alitalia | iOS-Safari | Completed in 65 sec
2021-02-13 23:53:36,211 INFO: Alitalia scraping session completed in 0:05:17
2021-02-13 23:53:36,211 INFO: - - - - - - - - - - - - - - - - - - - - - -
2021-02-13 23:53:41,217 INFO: Total scraping completed in 0:05:22
2021-02-13 23:53:41,217 INFO: <<<<<<<<<<<<<<<<<<<<<<<<<<<<<<<<<<<<<<<<<<<
2021-02-15 09:24:53,296 INFO: >>>>>>>>>>>>>>>>>>>>>>>>>>>>>>>>>>>>>>>>>>>
2021-02-15 09:24:53,297 INFO: ALITALIA SCRAPING SESSION STARTED
2021-02-15 09:25:06,715 INFO: Alitalia | Windows-Chrome | Scraping
2021-02-15 09:25:44,990 INFO: >>>>>>>>>>>>>>>>>>>>>>>>>>>>>>>>>>>>>>>>>>>
2021-02-15 09:25:44,990 INFO: ALITALIA SCRAPING SESSION STARTED
2021-02-15 09:25:57,837 INFO: Alitalia | Windows-Chrome | Scraping
2021-02-15 09:26:54,827 INFO: Alitalia | Windows-Chrome | Getting control price
2021-02-15 09:26:56,329 INFO: Alitalia | Windows-Chrome | Exporting data to spreadsheet
2021-02-15 09:26:56,890 INFO: Alitalia | Windows-Chrome | Completed in 59 sec
2021-02-15 09:27:15,179 INFO: Alitalia | Android-Chrome | Scraping
2021-02-15 09:28:07,645 INFO: >>>>>>>>>>>>>>>>>>>>>>>>>>>>>>>>>>>>>>>>>>>
2021-02-15 09:28:07,645 INFO: ALITALIA SCRAPING SESSION STARTED
2021-02-15 09:28:20,521 INFO: Alitalia | Windows-Chrome | Scraping
2021-02-15 09:29:17,451 INFO: Alitalia | Windows-Chrome | Getting control price
2021-02-15 09:29:18,460 INFO: Alitalia | Windows-Chrome | Exporting data to spreadsheet
2021-02-15 09:29:19,001 INFO: Alitalia | Windows-Chrome | Completed in 58 sec
2021-02-15 19:23:31,254 INFO: >>>>>>>>>>>>>>>>>>>>>>>>>>>>>>>>>>>>>>>>>>>
2021-02-15 19:23:31,254 INFO: ALITALIA SCRAPING SESSION STARTED
2021-02-15 19:23:52,696 INFO: >>>>>>>>>>>>>>>>>>>>>>>>>>>>>>>>>>>>>>>>>>>
2021-02-15 19:23:52,697 INFO: ALITALIA SCRAPING SESSION STARTED
2021-02-15 19:24:06,967 INFO: Alitalia | Windows-Chrome | Scraping
2021-02-15 19:25:07,986 INFO: Alitalia | Windows-Chrome | Getting control price
2021-02-15 19:25:23,430 ERROR: Alitalia | Windows-Chrome | Amadeus API Error while scraping: AuthenticationError > [401]
invalid_client
Client credentials are invalid
2021-02-15 19:25:46,962 INFO: Alitalia | Windows-Chrome | Exporting data to spreadsheet
2021-02-15 19:29:45,911 INFO: >>>>>>>>>>>>>>>>>>>>>>>>>>>>>>>>>>>>>>>>>>>
2021-02-15 19:29:45,911 INFO: ALITALIA SCRAPING SESSION STARTED
2021-02-15 19:29:58,665 INFO: Alitalia | Windows-Chrome | Scraping
2021-02-15 19:31:01,088 INFO: Alitalia | Windows-Chrome | Getting control price
2021-02-15 19:31:06,503 ERROR: Alitalia | Windows-Chrome | Amadeus API Error while scraping: AuthenticationError > [401]
invalid_client
Client credentials are invalid
2021-02-15 19:31:06,503 INFO: Alitalia | Windows-Chrome | Exporting data to spreadsheet
2021-02-15 19:31:06,793 WARNING: Alitalia | Windows-Chrome | Export crashed: TypeError > unsupported operand type(s) for -: 'str' and 'float'
2021-02-15 19:31:06,822 INFO: Alitalia | Windows-Chrome | Completed in 68 sec
2021-02-19 18:32:47,921 INFO: >>>>>>>>>>>>>>>>>>>>>>>>>>>>>>>>>>>>>>>>>>>
2021-02-19 18:32:47,921 INFO: ALITALIA SCRAPING SESSION STARTED
2021-02-19 18:33:00,638 INFO: Alitalia | Windows-Chrome | Scraping
2021-02-19 21:32:20,194 INFO: >>>>>>>>>>>>>>>>>>>>>>>>>>>>>>>>>>>>>>>>>>>
2021-02-19 21:32:20,194 INFO: ALITALIA SCRAPING SESSION STARTED
2021-02-19 21:32:33,416 INFO: Alitalia | Windows-Chrome | Scraping
2021-02-19 21:33:30,842 INFO: Alitalia | Windows-Chrome | Getting control price
2021-02-19 21:33:31,930 INFO: Alitalia | Windows-Chrome | Exporting data to spreadsheet
2021-02-19 21:33:32,321 INFO: Alitalia | Windows-Chrome | Completed in 59 sec
2021-02-23 09:32:30,659 INFO: >>>>>>>>>>>>>>>>>>>>>>>>>>>>>>>>>>>>>>>>>>>
2021-02-23 09:32:30,659 INFO: LUFTHANSA SCRAPING SESSION STARTED
2021-02-23 09:32:43,437 WARNING: Lufthansa | Windows-Chrome | No previous cookies to load.
2021-02-23 09:32:43,437 INFO: Lufthansa | Windows-Chrome | Scraping
2021-02-23 09:33:51,200 ERROR: Lufthansa | Windows-Chrome | Scraper crashed: NoSuchElementException > Message: no such element: Unable to locate element: {"method":"css selector","selector":"[class="shopping-cart-total-price__totalPrice ng-scope ng-isolate-scope"]"}
  (Session info: chrome=88.0.4324.150)

2021-02-23 09:35:34,805 INFO: >>>>>>>>>>>>>>>>>>>>>>>>>>>>>>>>>>>>>>>>>>>
2021-02-23 09:35:34,805 INFO: LUFTHANSA SCRAPING SESSION STARTED
2021-02-23 09:35:47,194 WARNING: Lufthansa | Windows-Chrome | No previous cookies to load.
2021-02-23 09:35:47,194 INFO: Lufthansa | Windows-Chrome | Scraping
2021-02-23 09:36:55,464 INFO: Lufthansa | Windows-Chrome | Getting control price
2021-02-23 09:36:56,425 INFO: Lufthansa | Windows-Chrome | Exporting data to spreadsheet
2021-02-23 09:36:56,790 INFO: Lufthansa | Windows-Chrome | Completed in 70 sec
2021-02-23 09:37:14,784 WARNING: Lufthansa | Android-Chrome | No previous cookies to load.
2021-02-23 09:37:14,785 INFO: Lufthansa | Android-Chrome | Scraping
2021-02-23 09:38:26,094 INFO: Lufthansa | Android-Chrome | Getting control price
2021-02-23 09:38:26,850 INFO: Lufthansa | Android-Chrome | Exporting data to spreadsheet
2021-02-23 09:38:27,149 INFO: Lufthansa | Android-Chrome | Completed in 72 sec
2021-02-23 09:38:44,814 WARNING: Lufthansa | MacOS-Safari | No previous cookies to load.
2021-02-23 09:38:44,818 INFO: Lufthansa | MacOS-Safari | Scraping
2021-02-23 09:39:51,907 INFO: Lufthansa | MacOS-Safari | Getting control price
2021-02-23 09:39:52,589 INFO: Lufthansa | MacOS-Safari | Exporting data to spreadsheet
2021-02-23 09:39:52,927 INFO: Lufthansa | MacOS-Safari | Completed in 68 sec
2021-02-23 09:40:10,814 WARNING: Lufthansa | iOS-Safari | No previous cookies to load.
2021-02-23 09:40:10,814 INFO: Lufthansa | iOS-Safari | Scraping
2021-02-23 09:41:35,997 INFO: Lufthansa | iOS-Safari | Getting control price
2021-02-23 09:41:36,728 INFO: Lufthansa | iOS-Safari | Exporting data to spreadsheet
2021-02-23 09:41:37,038 INFO: Lufthansa | iOS-Safari | Completed in 86 sec
2021-02-23 09:41:42,124 INFO: Lufthansa scraping session completed in 0:06:07
2021-02-23 09:41:42,125 INFO: - - - - - - - - - - - - - - - - - - - - - -
2021-02-23 09:41:47,128 INFO: Total scraping completed in 0:06:12
2021-02-23 09:41:47,128 INFO: <<<<<<<<<<<<<<<<<<<<<<<<<<<<<<<<<<<<<<<<<<<
2021-02-23 21:54:21,569 INFO: >>>>>>>>>>>>>>>>>>>>>>>>>>>>>>>>>>>>>>>>>>>
2021-02-23 21:54:21,569 INFO: LUFTHANSA SCRAPING SESSION STARTED
2021-03-13 11:44:16,113 INFO: >>>>>>>>>>>>>>>>>>>>>>>>>>>>>>>>>>>>>>>>>>>
2021-03-13 11:44:16,113 INFO: LUFTHANSA SCRAPING SESSION STARTED
2021-03-15 16:59:03,542 INFO: >>>>>>>>>>>>>>>>>>>>>>>>>>>>>>>>>>>>>>>>>>>
2021-03-15 16:59:03,542 INFO: ALITALIA SCRAPING SESSION STARTED
2021-03-15 16:59:25,711 ERROR: Windows-Chrome: IP address should be 185.183.105.28 instead of Error!
2021-03-15 16:59:27,599 INFO: Alitalia | Windows-Chrome | Scraping
2021-03-15 16:59:46,033 ERROR: Error: Message: unknown error: cannot determine loading status
from unknown error: cannot determine loading status
from disconnected: Unable to receive message from renderer
  (Session info: chrome=88.0.4324.150)

2021-03-15 16:59:59,749 INFO: Alitalia | Android-Chrome | Scraping
2021-03-15 17:00:21,225 ERROR: Error: Message: chrome not reachable
  (Session info: chrome=88.0.4324.150)

2021-03-15 17:02:56,117 INFO: >>>>>>>>>>>>>>>>>>>>>>>>>>>>>>>>>>>>>>>>>>>
2021-03-15 17:02:56,117 INFO: ALITALIA SCRAPING SESSION STARTED
2021-03-17 10:53:53,539 INFO: >>>>>>>>>>>>>>>>>>>>>>>>>>>>>>>>>>>>>>>>>>>
2021-03-17 10:53:53,539 INFO: ALITALIA SCRAPING SESSION STARTED
2021-03-17 10:54:15,418 ERROR: Windows-Chrome: IP address should be 185.183.105.28 instead of Error!
2021-03-17 10:55:21,109 INFO: >>>>>>>>>>>>>>>>>>>>>>>>>>>>>>>>>>>>>>>>>>>
2021-03-17 10:55:21,109 INFO: ALITALIA SCRAPING SESSION STARTED
2021-03-17 10:57:25,149 INFO: >>>>>>>>>>>>>>>>>>>>>>>>>>>>>>>>>>>>>>>>>>>
2021-03-17 10:57:25,150 INFO: ALITALIA SCRAPING SESSION STARTED
2021-03-17 10:57:36,154 ERROR: Error: HTTPSConnectionPool(host='ifconfig.me', port=443): Max retries exceeded with url: / (Caused by NewConnectionError('<urllib3.connection.HTTPSConnection object at 0x7f5b733620d0>: Failed to establish a new connection: [Errno -2] Name or service not known'))
2021-03-17 10:59:12,498 INFO: >>>>>>>>>>>>>>>>>>>>>>>>>>>>>>>>>>>>>>>>>>>
2021-03-17 10:59:12,499 INFO: ALITALIA SCRAPING SESSION STARTED
2021-03-17 10:59:23,628 ERROR: Error: HTTPSConnectionPool(host='ifconfig.me', port=443): Max retries exceeded with url: / (Caused by NewConnectionError('<urllib3.connection.HTTPSConnection object at 0x7fc32d90b0d0>: Failed to establish a new connection: [Errno -2] Name or service not known'))
2021-03-17 11:04:49,601 INFO: >>>>>>>>>>>>>>>>>>>>>>>>>>>>>>>>>>>>>>>>>>>
2021-03-17 11:04:49,601 INFO: ALITALIA SCRAPING SESSION STARTED
2021-03-17 11:05:00,813 ERROR: Windows-Chrome: IP address should be 185.183.105.28 instead of Error!
2021-03-17 11:05:02,426 INFO: Alitalia | Windows-Chrome | Scraping
2021-03-17 11:05:16,155 ERROR: Error: Message: unknown error: cannot determine loading status
from disconnected: received Inspector.detached event
  (Session info: chrome=88.0.4324.150)

2021-03-17 11:05:19,277 INFO: Alitalia | Android-Chrome | Scraping
2021-03-17 11:05:43,075 INFO: >>>>>>>>>>>>>>>>>>>>>>>>>>>>>>>>>>>>>>>>>>>
2021-03-17 11:05:43,075 INFO: ALITALIA SCRAPING SESSION STARTED
2021-03-17 11:05:54,252 ERROR: Windows-Chrome: IP address should be 185.183.105.28 instead of Error!
2021-03-17 11:05:55,889 INFO: Alitalia | Windows-Chrome | Scraping
2021-03-17 11:06:07,532 ERROR: Error: Message: unknown error: cannot determine loading status
from disconnected: received Inspector.detached event
  (Session info: chrome=88.0.4324.150)

2021-03-17 11:13:33,667 INFO: >>>>>>>>>>>>>>>>>>>>>>>>>>>>>>>>>>>>>>>>>>>
2021-03-17 11:13:33,667 INFO: ALITALIA SCRAPING SESSION STARTED
2021-03-17 11:14:16,996 INFO: >>>>>>>>>>>>>>>>>>>>>>>>>>>>>>>>>>>>>>>>>>>
2021-03-17 11:14:16,996 INFO: ALITALIA SCRAPING SESSION STARTED
2021-03-17 11:15:26,914 INFO: >>>>>>>>>>>>>>>>>>>>>>>>>>>>>>>>>>>>>>>>>>>
2021-03-17 11:15:26,915 INFO: ALITALIA SCRAPING SESSION STARTED
2021-03-17 11:16:40,089 INFO: >>>>>>>>>>>>>>>>>>>>>>>>>>>>>>>>>>>>>>>>>>>
2021-03-17 11:16:40,090 INFO: ALITALIA SCRAPING SESSION STARTED
2021-03-17 11:24:25,741 INFO: >>>>>>>>>>>>>>>>>>>>>>>>>>>>>>>>>>>>>>>>>>>
2021-03-17 11:24:25,741 INFO: ALITALIA SCRAPING SESSION STARTED
2021-03-17 11:24:39,120 ERROR: Windows-Chrome: IP address should be 185.183.105.28 instead of Error!
2021-03-17 11:24:42,445 INFO: Alitalia | Windows-Chrome | Scraping
2021-03-17 11:24:47,163 ERROR: Error: Message: unknown error: cannot determine loading status
from disconnected: received Inspector.detached event
  (Session info: chrome=88.0.4324.150)

2021-03-17 11:25:42,471 INFO: >>>>>>>>>>>>>>>>>>>>>>>>>>>>>>>>>>>>>>>>>>>
2021-03-17 11:25:42,472 INFO: ALITALIA SCRAPING SESSION STARTED
2021-03-17 11:25:55,055 ERROR: Windows-Chrome: IP address should be 185.183.105.28 instead of Error!
2021-03-17 11:29:04,942 INFO: >>>>>>>>>>>>>>>>>>>>>>>>>>>>>>>>>>>>>>>>>>>
2021-03-17 11:29:04,943 INFO: ALITALIA SCRAPING SESSION STARTED
2021-03-19 12:39:54,808 INFO: >>>>>>>>>>>>>>>>>>>>>>>>>>>>>>>>>>>>>>>>>>>
2021-03-19 12:39:54,809 INFO: RYANAIR SCRAPING SESSION STARTED
2021-03-19 12:40:06,124 ERROR: Windows-Chrome: IP address should be 185.183.105.28 instead of Error!
2021-03-19 12:40:07,812 INFO: Ryanair | Windows-Chrome | Scraping
2021-03-19 12:40:28,064 ERROR: Ryanair | Windows-Chrome | Scraper crashed: NoSuchElementException > Message: no such element: Unable to locate element: {"method":"css selector","selector":"[class="cookie-popup-with-overlay__button"]"}
  (Session info: chrome=88.0.4324.150)

2021-03-19 12:40:36,277 WARNING: Ryanair | Android-Chrome | No previous cookies to load.
2021-03-19 12:40:36,278 INFO: Ryanair | Android-Chrome | Scraping
2021-03-19 12:41:40,670 INFO: Ryanair | Android-Chrome | Getting control price
2021-03-19 12:44:46,400 INFO: Ryanair | Android-Chrome(control) | Scraping
2021-03-19 15:47:12,267 INFO: >>>>>>>>>>>>>>>>>>>>>>>>>>>>>>>>>>>>>>>>>>>
2021-03-19 15:47:12,268 INFO: RYANAIR SCRAPING SESSION STARTED
2021-03-20 15:48:56,599 INFO: >>>>>>>>>>>>>>>>>>>>>>>>>>>>>>>>>>>>>>>>>>>
2021-03-20 15:48:56,599 INFO: RYANAIR SCRAPING SESSION STARTED
2021-03-20 15:48:58,376 ERROR: Windows-Chrome: IP address should be 185.183.105.28 instead of 192.145.127.76!
2021-03-20 15:49:00,592 INFO: Ryanair | Windows-Chrome | Scraping
2021-03-20 15:49:41,672 INFO: Ryanair | Windows-Chrome | Getting control price
2021-03-20 15:52:43,280 INFO: Ryanair | Windows-Chrome(control) | Scraping
2021-03-20 15:58:09,477 INFO: >>>>>>>>>>>>>>>>>>>>>>>>>>>>>>>>>>>>>>>>>>>
2021-03-20 15:58:09,477 INFO: RYANAIR SCRAPING SESSION STARTED
2021-03-20 15:58:11,099 ERROR: Windows-Chrome: IP address should be 185.183.105.28 instead of 192.145.127.76!
2021-03-20 15:58:13,028 INFO: Ryanair | Windows-Chrome | Scraping
2021-03-20 15:59:37,216 INFO: >>>>>>>>>>>>>>>>>>>>>>>>>>>>>>>>>>>>>>>>>>>
2021-03-20 15:59:37,216 INFO: RYANAIR SCRAPING SESSION STARTED
2021-03-20 15:59:38,759 ERROR: Windows-Chrome: IP address should be 185.183.105.28 instead of 192.145.127.76!
2021-03-20 15:59:40,457 INFO: Ryanair | Windows-Chrome | Scraping
2021-03-20 16:00:19,495 INFO: Ryanair | Windows-Chrome | Getting control price
2021-03-20 16:13:12,214 INFO: Ryanair | Windows-Chrome(control) | Scraping
2021-03-20 16:14:46,877 INFO: >>>>>>>>>>>>>>>>>>>>>>>>>>>>>>>>>>>>>>>>>>>
2021-03-20 16:14:46,877 INFO: RYANAIR SCRAPING SESSION STARTED
2021-03-20 16:14:48,678 ERROR: Windows-Chrome: IP address should be 185.183.105.28 instead of 192.145.127.76!
2021-03-20 16:14:50,347 INFO: Ryanair | Windows-Chrome | Scraping
2021-03-20 16:15:29,425 INFO: Ryanair | Windows-Chrome | Getting control price
2021-03-20 16:36:06,566 INFO: >>>>>>>>>>>>>>>>>>>>>>>>>>>>>>>>>>>>>>>>>>>
2021-03-20 16:36:06,566 INFO: RYANAIR SCRAPING SESSION STARTED
2021-03-20 16:36:08,321 ERROR: Windows-Chrome: IP address should be 185.183.105.28 instead of 192.145.127.76!
2021-03-20 16:36:09,963 INFO: Ryanair | Windows-Chrome | Scraping
2021-03-20 16:36:10,875 ERROR: Error: Message: no such window: target window already closed
from unknown error: web view not found
  (Session info: chrome=88.0.4324.150)

2021-03-21 09:22:41,704 INFO: >>>>>>>>>>>>>>>>>>>>>>>>>>>>>>>>>>>>>>>>>>>
2021-03-21 09:22:41,704 INFO: RYANAIR SCRAPING SESSION STARTED
2021-03-21 09:22:43,123 ERROR: Windows-Chrome: IP address should be 185.183.105.28 instead of 192.145.127.76!
2021-03-21 09:22:44,761 INFO: Ryanair | Windows-Chrome | Scraping
2021-03-21 09:23:25,726 INFO: Ryanair | Windows-Chrome | Getting control price
